<component name="libraryTable">
  <library name="junit-jupiter-api-5.9.2">
    <CLASSES>
      <root url="jar://$PROJECT_DIR$/lib/junit-jupiter-api-5.9.2.jar!/" />
      <root url="jar://$PROJECT_DIR$/lib/junit-jupiter-engine-5.9.2.jar!/" />
      <root url="jar://$PROJECT_DIR$/lib/junit-platform-console-standalone-1.9.0.jar!/" />
    </CLASSES>
    <JAVADOC />
    <SOURCES />
  </library>
</component>